2003.08.15 12:41 B C:\Temp Work\WEB ROOT\peppermint\css\ppermint-styles.css --> ftp.sydneyaudio.com /peppermint/css ppermint-styles.css
2003.08.21 02:49 B C:\Temp Work\WEB ROOT\peppermint\css\ppermint-styles.css --> ftp.sydneyaudio.com /peppermint/css ppermint-styles.css
2003.08.21 02:49 B C:\Temp Work\WEB ROOT\peppermint\css\WS_FTP.LOG --> ftp.sydneyaudio.com /peppermint/css WS_FTP.LOG
2003.08.22 13:41 B C:\Temp Work\WEB ROOT\peppermint\css\ppermint-styles.css --> ftp.sydneyaudio.com /css ppermint-styles.css
2003.08.22 13:41 B C:\Temp Work\WEB ROOT\peppermint\css\WS_FTP.LOG --> ftp.sydneyaudio.com /css WS_FTP.LOG
2003.09.04 13:35 B C:\Temp Work\WEB ROOT\peppermint\css\ppermint-styles.css --> ftp.sydneyaudio.com /peppermint/css ppermint-styles.css
2003.09.04 13:35 B C:\Temp Work\WEB ROOT\peppermint\css\WS_FTP.LOG --> ftp.sydneyaudio.com /peppermint/css WS_FTP.LOG
2003.09.27 12:12 B C:\Temp Work\WEB ROOT\peppermint\css\ppermint-styles.css --> esvc000076.wic004u.server-web.com /css ppermint-styles.css
2003.09.27 12:12 B C:\Temp Work\WEB ROOT\peppermint\css\WS_FTP.LOG --> esvc000076.wic004u.server-web.com /css WS_FTP.LOG
2003.09.27 19:35 B C:\Temp Work\WEB ROOT\peppermint\css\ppermint-styles.css --> esvc000076.wic004u.server-web.com /css ppermint-styles.css
2003.09.27 19:35 B C:\Temp Work\WEB ROOT\peppermint\css\WS_FTP.LOG --> esvc000076.wic004u.server-web.com /css WS_FTP.LOG
2003.09.27 23:00 B C:\Temp Work\WEB ROOT\peppermint\css\WS_FTP.LOG --> esvc000076.wic004u.server-web.com /css WS_FTP.LOG
2004.03.10 00:01 B C:\Temp Work\WEB ROOT\peppermint\css\ppermint-styles.css --> ftp.peppermintjam.com.au /css ppermint-styles.css
2004.03.10 00:01 B C:\Temp Work\WEB ROOT\peppermint\css\WS_FTP.LOG --> ftp.peppermintjam.com.au /css WS_FTP.LOG
2005.06.22 23:50 B C:\Sydney Audio\WEB ROOT\peppermint\css\ppermint-styles.css --> ftp.peppermintjam.com.au /css ppermint-styles.css
2005.06.22 23:51 B C:\Sydney Audio\WEB ROOT\peppermint\css\ppermint-styles.css --> ftp.peppermintjam.com.au /css ppermint-styles.css
2006.03.18 17:17 B G:\peppermint\css\ppermint-styles.css --> www.peppermintjam.com.au /var/www/html/css ppermint-styles.css
2007.12.23 11:58 B C:\Sydney Audio\peppermint jam\build\css\WS_FTP.LOG <-- PMJ /var/www/html/css WS_FTP.LOG
2007.12.23 12:32 B C:\Sydney Audio\peppermint jam\build\css\peppers.css --> www.peppermintjam.com.au /var/www/html/css peppers.css
2007.12.23 12:32 B C:\Sydney Audio\peppermint jam\build\css\WS_FTP.LOG --> www.peppermintjam.com.au /var/www/html/css WS_FTP.LOG
